<?xml version="1.0" encoding="UTF-8"?>
<testng-results skipped="0" failed="0" total="1" passed="1">
  <reporter-output>
  </reporter-output>
  <suite name="Default suite" duration-ms="21366" started-at="2018-10-20T12:24:39Z" finished-at="2018-10-20T12:25:00Z">
    <groups>
    </groups>
    <test name="Default test" duration-ms="21366" started-at="2018-10-20T12:24:39Z" finished-at="2018-10-20T12:25:00Z">
      <class name="TestNG.GridTest2">
        <test-method status="PASS" signature="setUp()[pri:0, instance:TestNG.GridTest2@3532ec19]" name="setUp" is-config="true" duration-ms="3310" started-at="2018-10-20T17:54:39Z" finished-at="2018-10-20T17:54:42Z">
          <reporter-output>
          </reporter-output>
        </test-method> <!-- setUp -->
        <test-method status="PASS" signature="sampleTest()[pri:0, instance:TestNG.GridTest2@3532ec19]" name="sampleTest" duration-ms="16560" started-at="2018-10-20T17:54:42Z" finished-at="2018-10-20T17:54:59Z">
          <reporter-output>
          </reporter-output>
        </test-method> <!-- sampleTest -->
        <test-method status="PASS" signature="afterTest()[pri:0, instance:TestNG.GridTest2@3532ec19]" name="afterTest" is-config="true" duration-ms="1482" started-at="2018-10-20T17:54:59Z" finished-at="2018-10-20T17:55:00Z">
          <reporter-output>
          </reporter-output>
        </test-method> <!-- afterTest -->
      </class> <!-- TestNG.GridTest2 -->
    </test> <!-- Default test -->
  </suite> <!-- Default suite -->
</testng-results>
